<?xml version="1.0" encoding="UTF-8"?>
<!-- Generated by org.testng.reporters.JUnitReportReporter -->
<testsuite hostname="DESKTOP-A0VOTMT" failures="0" tests="1" name="testcases_lg_product.LG_Soundbar_Test" time="6.165" errors="0" timestamp="2024-09-13T22:47:18 IST" skipped="0">
  <testcase classname="testcases_lg_product.LG_Soundbar_Test" name="LG_Soundbars" time="6.165"/>
</testsuite> <!-- testcases_lg_product.LG_Soundbar_Test -->
